[0.143s] DEBUG:colcon:Command line arguments: ['/usr/bin/colcon', 'build', '--symlink-install', '--merge-install', '--cmake-args', '-DCMAKE_BUILD_TYPE=RelWithDebInfo', '-DBUILD_TESTING=ON', '-DCMAKE_CXX_STANDARD=17']
[0.143s] DEBUG:colcon:Parsed command line arguments: Namespace(allow_overriding=[], ament_cmake_args=None, base_paths=['.'], build_base='build', catkin_cmake_args=None, catkin_skip_building_tests=False, cmake_args=['-DCMAKE_BUILD_TYPE=RelWithDebInfo', '-DBUILD_TESTING=ON', '-DCMAKE_CXX_STANDARD=17'], cmake_clean_cache=False, cmake_clean_first=False, cmake_force_configure=False, cmake_target=None, cmake_target_skip_unavailable=False, continue_on_error=False, event_handlers=None, executor='parallel', ignore_user_meta=False, install_base='install', log_base=None, log_level=None, main=<bound method BuildVerb.main of <colcon_core.verb.build.BuildVerb object at 0x7fd3736373a0>>, merge_install=True, metas=['./colcon.meta'], mixin=None, mixin_files=None, mixin_verb=('build',), packages_above=None, packages_above_and_dependencies=None, packages_above_depth=None, packages_end=None, packages_ignore=None, packages_ignore_regex=None, packages_select=None, packages_select_build_failed=False, packages_select_by_dep=None, packages_select_regex=None, packages_select_test_failures=False, packages_skip=None, packages_skip_build_finished=False, packages_skip_by_dep=None, packages_skip_regex=None, packages_skip_test_passed=False, packages_skip_up_to=None, packages_start=None, packages_up_to=None, packages_up_to_regex=None, parallel_workers=8, paths=None, symlink_install=True, test_result_base=None, verb_extension=<colcon_core.verb.build.BuildVerb object at 0x7fd3736373a0>, verb_name='build', verb_parser=<colcon_mixin.mixin.mixin_argument.MixinArgumentDecorator object at 0x7fd373637880>)
[0.253s] Level 1:colcon.colcon_core.package_discovery:discover_packages(colcon_meta) check parameters
[0.253s] Level 1:colcon.colcon_core.package_discovery:discover_packages(recursive) check parameters
[0.253s] Level 1:colcon.colcon_core.package_discovery:discover_packages(ignore) check parameters
[0.253s] Level 1:colcon.colcon_core.package_discovery:discover_packages(path) check parameters
[0.253s] Level 1:colcon.colcon_core.package_discovery:discover_packages(colcon_meta) discover
[0.253s] Level 1:colcon.colcon_core.package_discovery:discover_packages(recursive) discover
[0.253s] INFO:colcon.colcon_core.package_discovery:Crawling recursively for packages in '/home/aceti/ASV_WORK/asv_ws/src'
[0.253s] Level 1:colcon.colcon_core.package_identification:_identify(.) by extensions ['ignore', 'ignore_ament_install']
[0.253s] Level 1:colcon.colcon_core.package_identification:_identify(.) by extension 'ignore'
[0.253s] Level 1:colcon.colcon_core.package_identification:_identify(.) by extension 'ignore_ament_install'
[0.253s] Level 1:colcon.colcon_core.package_identification:_identify(.) by extensions ['colcon_pkg']
[0.253s] Level 1:colcon.colcon_core.package_identification:_identify(.) by extension 'colcon_pkg'
[0.254s] Level 1:colcon.colcon_core.package_identification:_identify(.) by extensions ['colcon_meta']
[0.254s] Level 1:colcon.colcon_core.package_identification:_identify(.) by extension 'colcon_meta'
[0.254s] Level 1:colcon.colcon_core.package_identification:_identify(.) by extensions ['ros']
[0.254s] Level 1:colcon.colcon_core.package_identification:_identify(.) by extension 'ros'
[0.262s] Level 1:colcon.colcon_core.package_identification:_identify(.) by extensions ['cmake', 'python']
[0.262s] Level 1:colcon.colcon_core.package_identification:_identify(.) by extension 'cmake'
[0.262s] Level 1:colcon.colcon_core.package_identification:_identify(.) by extension 'python'
[0.262s] Level 1:colcon.colcon_core.package_identification:_identify(.) by extensions ['python_setup_py']
[0.262s] Level 1:colcon.colcon_core.package_identification:_identify(.) by extension 'python_setup_py'
[0.262s] Level 1:colcon.colcon_core.package_identification:_identify(asv_wave_sim) by extensions ['ignore', 'ignore_ament_install']
[0.262s] Level 1:colcon.colcon_core.package_identification:_identify(asv_wave_sim) by extension 'ignore'
[0.262s] Level 1:colcon.colcon_core.package_identification:_identify(asv_wave_sim) by extension 'ignore_ament_install'
[0.262s] Level 1:colcon.colcon_core.package_identification:_identify(asv_wave_sim) by extensions ['colcon_pkg']
[0.262s] Level 1:colcon.colcon_core.package_identification:_identify(asv_wave_sim) by extension 'colcon_pkg'
[0.262s] Level 1:colcon.colcon_core.package_identification:_identify(asv_wave_sim) by extensions ['colcon_meta']
[0.262s] Level 1:colcon.colcon_core.package_identification:_identify(asv_wave_sim) by extension 'colcon_meta'
[0.262s] Level 1:colcon.colcon_core.package_identification:_identify(asv_wave_sim) by extensions ['ros']
[0.262s] Level 1:colcon.colcon_core.package_identification:_identify(asv_wave_sim) by extension 'ros'
[0.262s] Level 1:colcon.colcon_core.package_identification:_identify(asv_wave_sim) by extensions ['cmake', 'python']
[0.262s] Level 1:colcon.colcon_core.package_identification:_identify(asv_wave_sim) by extension 'cmake'
[0.262s] Level 1:colcon.colcon_core.package_identification:_identify(asv_wave_sim) by extension 'python'
[0.262s] Level 1:colcon.colcon_core.package_identification:_identify(asv_wave_sim) by extensions ['python_setup_py']
[0.262s] Level 1:colcon.colcon_core.package_identification:_identify(asv_wave_sim) by extension 'python_setup_py'
[0.263s] Level 1:colcon.colcon_core.package_identification:_identify(asv_wave_sim/asv_wave_sim) by extensions ['ignore', 'ignore_ament_install']
[0.263s] Level 1:colcon.colcon_core.package_identification:_identify(asv_wave_sim/asv_wave_sim) by extension 'ignore'
[0.263s] Level 1:colcon.colcon_core.package_identification:_identify(asv_wave_sim/asv_wave_sim) by extension 'ignore_ament_install'
[0.263s] Level 1:colcon.colcon_core.package_identification:_identify(asv_wave_sim/asv_wave_sim) by extensions ['colcon_pkg']
[0.263s] Level 1:colcon.colcon_core.package_identification:_identify(asv_wave_sim/asv_wave_sim) by extension 'colcon_pkg'
[0.263s] Level 1:colcon.colcon_core.package_identification:_identify(asv_wave_sim/asv_wave_sim) by extensions ['colcon_meta']
[0.263s] Level 1:colcon.colcon_core.package_identification:_identify(asv_wave_sim/asv_wave_sim) by extension 'colcon_meta'
[0.263s] Level 1:colcon.colcon_core.package_identification:_identify(asv_wave_sim/asv_wave_sim) by extensions ['ros']
[0.263s] Level 1:colcon.colcon_core.package_identification:_identify(asv_wave_sim/asv_wave_sim) by extension 'ros'
[0.265s] DEBUG:colcon.colcon_core.package_identification:Package 'asv_wave_sim/asv_wave_sim' with type 'ros.catkin' and name 'asv_wave_sim'
[0.265s] Level 1:colcon.colcon_core.package_identification:_identify(asv_wave_sim/asv_wave_sim_gazebo) by extensions ['ignore', 'ignore_ament_install']
[0.265s] Level 1:colcon.colcon_core.package_identification:_identify(asv_wave_sim/asv_wave_sim_gazebo) by extension 'ignore'
[0.265s] Level 1:colcon.colcon_core.package_identification:_identify(asv_wave_sim/asv_wave_sim_gazebo) by extension 'ignore_ament_install'
[0.265s] Level 1:colcon.colcon_core.package_identification:_identify(asv_wave_sim/asv_wave_sim_gazebo) by extensions ['colcon_pkg']
[0.265s] Level 1:colcon.colcon_core.package_identification:_identify(asv_wave_sim/asv_wave_sim_gazebo) by extension 'colcon_pkg'
[0.265s] Level 1:colcon.colcon_core.package_identification:_identify(asv_wave_sim/asv_wave_sim_gazebo) by extensions ['colcon_meta']
[0.265s] Level 1:colcon.colcon_core.package_identification:_identify(asv_wave_sim/asv_wave_sim_gazebo) by extension 'colcon_meta'
[0.265s] Level 1:colcon.colcon_core.package_identification:_identify(asv_wave_sim/asv_wave_sim_gazebo) by extensions ['ros']
[0.265s] Level 1:colcon.colcon_core.package_identification:_identify(asv_wave_sim/asv_wave_sim_gazebo) by extension 'ros'
[0.266s] DEBUG:colcon.colcon_core.package_identification:Package 'asv_wave_sim/asv_wave_sim_gazebo' with type 'ros.catkin' and name 'asv_wave_sim_gazebo'
[0.266s] Level 1:colcon.colcon_core.package_identification:_identify(asv_wave_sim/asv_wave_sim_gazebo_plugins) by extensions ['ignore', 'ignore_ament_install']
[0.266s] Level 1:colcon.colcon_core.package_identification:_identify(asv_wave_sim/asv_wave_sim_gazebo_plugins) by extension 'ignore'
[0.266s] Level 1:colcon.colcon_core.package_identification:_identify(asv_wave_sim/asv_wave_sim_gazebo_plugins) by extension 'ignore_ament_install'
[0.266s] Level 1:colcon.colcon_core.package_identification:_identify(asv_wave_sim/asv_wave_sim_gazebo_plugins) by extensions ['colcon_pkg']
[0.266s] Level 1:colcon.colcon_core.package_identification:_identify(asv_wave_sim/asv_wave_sim_gazebo_plugins) by extension 'colcon_pkg'
[0.266s] Level 1:colcon.colcon_core.package_identification:_identify(asv_wave_sim/asv_wave_sim_gazebo_plugins) by extensions ['colcon_meta']
[0.266s] Level 1:colcon.colcon_core.package_identification:_identify(asv_wave_sim/asv_wave_sim_gazebo_plugins) by extension 'colcon_meta'
[0.266s] Level 1:colcon.colcon_core.package_identification:_identify(asv_wave_sim/asv_wave_sim_gazebo_plugins) by extensions ['ros']
[0.266s] Level 1:colcon.colcon_core.package_identification:_identify(asv_wave_sim/asv_wave_sim_gazebo_plugins) by extension 'ros'
[0.266s] DEBUG:colcon.colcon_core.package_identification:Package 'asv_wave_sim/asv_wave_sim_gazebo_plugins' with type 'ros.catkin' and name 'asv_wave_sim_gazebo_plugins'
[0.266s] Level 1:colcon.colcon_core.package_identification:_identify(build) by extensions ['ignore', 'ignore_ament_install']
[0.266s] Level 1:colcon.colcon_core.package_identification:_identify(build) by extension 'ignore'
[0.266s] Level 1:colcon.colcon_core.package_identification:_identify(build) ignored
[0.267s] Level 1:colcon.colcon_core.package_identification:_identify(install) by extensions ['ignore', 'ignore_ament_install']
[0.267s] Level 1:colcon.colcon_core.package_identification:_identify(install) by extension 'ignore'
[0.267s] Level 1:colcon.colcon_core.package_identification:_identify(install) ignored
[0.267s] Level 1:colcon.colcon_core.package_identification:_identify(log) by extensions ['ignore', 'ignore_ament_install']
[0.267s] Level 1:colcon.colcon_core.package_identification:_identify(log) by extension 'ignore'
[0.267s] Level 1:colcon.colcon_core.package_identification:_identify(log) ignored
[0.267s] Level 1:colcon.colcon_core.package_discovery:discover_packages(recursive) using defaults
[0.267s] Level 1:colcon.colcon_core.package_discovery:discover_packages(ignore) discover
[0.267s] Level 1:colcon.colcon_core.package_discovery:discover_packages(ignore) using defaults
[0.267s] Level 1:colcon.colcon_core.package_discovery:discover_packages(path) discover
[0.267s] Level 1:colcon.colcon_core.package_discovery:discover_packages(path) using defaults
[0.278s] Level 1:colcon.colcon_core.package_discovery:discover_packages(prefix_path) check parameters
[0.278s] Level 1:colcon.colcon_core.package_discovery:discover_packages(prefix_path) discover
[0.280s] DEBUG:colcon.colcon_installed_package_information.package_discovery:Found 256 installed packages in /opt/ros/foxy
[0.281s] Level 1:colcon.colcon_core.package_discovery:discover_packages(prefix_path) using defaults
[0.328s] Level 5:colcon.colcon_core.verb:set package 'asv_wave_sim_gazebo_plugins' build argument 'cmake_args' from command line to '['-DCMAKE_BUILD_TYPE=RelWithDebInfo', '-DBUILD_TESTING=ON', '-DCMAKE_CXX_STANDARD=17']'
[0.328s] Level 5:colcon.colcon_core.verb:set package 'asv_wave_sim_gazebo_plugins' build argument 'cmake_target' from command line to 'None'
[0.328s] Level 5:colcon.colcon_core.verb:set package 'asv_wave_sim_gazebo_plugins' build argument 'cmake_target_skip_unavailable' from command line to 'False'
[0.328s] Level 5:colcon.colcon_core.verb:set package 'asv_wave_sim_gazebo_plugins' build argument 'cmake_clean_cache' from command line to 'False'
[0.328s] Level 5:colcon.colcon_core.verb:set package 'asv_wave_sim_gazebo_plugins' build argument 'cmake_clean_first' from command line to 'False'
[0.328s] Level 5:colcon.colcon_core.verb:set package 'asv_wave_sim_gazebo_plugins' build argument 'cmake_force_configure' from command line to 'False'
[0.329s] Level 5:colcon.colcon_core.verb:set package 'asv_wave_sim_gazebo_plugins' build argument 'ament_cmake_args' from command line to 'None'
[0.329s] Level 5:colcon.colcon_core.verb:set package 'asv_wave_sim_gazebo_plugins' build argument 'catkin_cmake_args' from command line to 'None'
[0.329s] Level 5:colcon.colcon_core.verb:set package 'asv_wave_sim_gazebo_plugins' build argument 'catkin_skip_building_tests' from command line to 'False'
[0.329s] DEBUG:colcon.colcon_core.verb:Building package 'asv_wave_sim_gazebo_plugins' with the following arguments: {'ament_cmake_args': None, 'build_base': '/home/aceti/ASV_WORK/asv_ws/src/build/asv_wave_sim_gazebo_plugins', 'catkin_cmake_args': None, 'catkin_skip_building_tests': False, 'cmake_args': ['-DCMAKE_BUILD_TYPE=RelWithDebInfo', '-DBUILD_TESTING=ON', '-DCMAKE_CXX_STANDARD=17'], 'cmake_clean_cache': False, 'cmake_clean_first': False, 'cmake_force_configure': False, 'cmake_target': None, 'cmake_target_skip_unavailable': False, 'install_base': '/home/aceti/ASV_WORK/asv_ws/src/install', 'merge_install': True, 'path': '/home/aceti/ASV_WORK/asv_ws/src/asv_wave_sim/asv_wave_sim_gazebo_plugins', 'symlink_install': True, 'test_result_base': None}
[0.329s] Level 5:colcon.colcon_core.verb:set package 'asv_wave_sim_gazebo' build argument 'cmake_args' from command line to '['-DCMAKE_BUILD_TYPE=RelWithDebInfo', '-DBUILD_TESTING=ON', '-DCMAKE_CXX_STANDARD=17']'
[0.329s] Level 5:colcon.colcon_core.verb:set package 'asv_wave_sim_gazebo' build argument 'cmake_target' from command line to 'None'
[0.329s] Level 5:colcon.colcon_core.verb:set package 'asv_wave_sim_gazebo' build argument 'cmake_target_skip_unavailable' from command line to 'False'
[0.329s] Level 5:colcon.colcon_core.verb:set package 'asv_wave_sim_gazebo' build argument 'cmake_clean_cache' from command line to 'False'
[0.329s] Level 5:colcon.colcon_core.verb:set package 'asv_wave_sim_gazebo' build argument 'cmake_clean_first' from command line to 'False'
[0.329s] Level 5:colcon.colcon_core.verb:set package 'asv_wave_sim_gazebo' build argument 'cmake_force_configure' from command line to 'False'
[0.329s] Level 5:colcon.colcon_core.verb:set package 'asv_wave_sim_gazebo' build argument 'ament_cmake_args' from command line to 'None'
[0.329s] Level 5:colcon.colcon_core.verb:set package 'asv_wave_sim_gazebo' build argument 'catkin_cmake_args' from command line to 'None'
[0.329s] Level 5:colcon.colcon_core.verb:set package 'asv_wave_sim_gazebo' build argument 'catkin_skip_building_tests' from command line to 'False'
[0.329s] DEBUG:colcon.colcon_core.verb:Building package 'asv_wave_sim_gazebo' with the following arguments: {'ament_cmake_args': None, 'build_base': '/home/aceti/ASV_WORK/asv_ws/src/build/asv_wave_sim_gazebo', 'catkin_cmake_args': None, 'catkin_skip_building_tests': False, 'cmake_args': ['-DCMAKE_BUILD_TYPE=RelWithDebInfo', '-DBUILD_TESTING=ON', '-DCMAKE_CXX_STANDARD=17'], 'cmake_clean_cache': False, 'cmake_clean_first': False, 'cmake_force_configure': False, 'cmake_target': None, 'cmake_target_skip_unavailable': False, 'install_base': '/home/aceti/ASV_WORK/asv_ws/src/install', 'merge_install': True, 'path': '/home/aceti/ASV_WORK/asv_ws/src/asv_wave_sim/asv_wave_sim_gazebo', 'symlink_install': True, 'test_result_base': None}
[0.329s] Level 5:colcon.colcon_core.verb:set package 'asv_wave_sim' build argument 'cmake_args' from command line to '['-DCMAKE_BUILD_TYPE=RelWithDebInfo', '-DBUILD_TESTING=ON', '-DCMAKE_CXX_STANDARD=17']'
[0.329s] Level 5:colcon.colcon_core.verb:set package 'asv_wave_sim' build argument 'cmake_target' from command line to 'None'
[0.329s] Level 5:colcon.colcon_core.verb:set package 'asv_wave_sim' build argument 'cmake_target_skip_unavailable' from command line to 'False'
[0.330s] Level 5:colcon.colcon_core.verb:set package 'asv_wave_sim' build argument 'cmake_clean_cache' from command line to 'False'
[0.330s] Level 5:colcon.colcon_core.verb:set package 'asv_wave_sim' build argument 'cmake_clean_first' from command line to 'False'
[0.330s] Level 5:colcon.colcon_core.verb:set package 'asv_wave_sim' build argument 'cmake_force_configure' from command line to 'False'
[0.330s] Level 5:colcon.colcon_core.verb:set package 'asv_wave_sim' build argument 'ament_cmake_args' from command line to 'None'
[0.330s] Level 5:colcon.colcon_core.verb:set package 'asv_wave_sim' build argument 'catkin_cmake_args' from command line to 'None'
[0.330s] Level 5:colcon.colcon_core.verb:set package 'asv_wave_sim' build argument 'catkin_skip_building_tests' from command line to 'False'
[0.330s] DEBUG:colcon.colcon_core.verb:Building package 'asv_wave_sim' with the following arguments: {'ament_cmake_args': None, 'build_base': '/home/aceti/ASV_WORK/asv_ws/src/build/asv_wave_sim', 'catkin_cmake_args': None, 'catkin_skip_building_tests': False, 'cmake_args': ['-DCMAKE_BUILD_TYPE=RelWithDebInfo', '-DBUILD_TESTING=ON', '-DCMAKE_CXX_STANDARD=17'], 'cmake_clean_cache': False, 'cmake_clean_first': False, 'cmake_force_configure': False, 'cmake_target': None, 'cmake_target_skip_unavailable': False, 'install_base': '/home/aceti/ASV_WORK/asv_ws/src/install', 'merge_install': True, 'path': '/home/aceti/ASV_WORK/asv_ws/src/asv_wave_sim/asv_wave_sim', 'symlink_install': True, 'test_result_base': None}
[0.330s] INFO:colcon.colcon_core.executor:Executing jobs using 'parallel' executor
[0.331s] DEBUG:colcon.colcon_parallel_executor.executor.parallel:run_until_complete
[0.332s] INFO:colcon.colcon_ros.task.catkin.build:Building ROS package in '/home/aceti/ASV_WORK/asv_ws/src/asv_wave_sim/asv_wave_sim_gazebo_plugins' with build type 'catkin'
[0.332s] INFO:colcon.colcon_cmake.task.cmake.build:Building CMake package in '/home/aceti/ASV_WORK/asv_ws/src/asv_wave_sim/asv_wave_sim_gazebo_plugins'
[0.333s] INFO:colcon.colcon_core.plugin_system:Skipping extension 'colcon_core.shell.bat': Not used on non-Windows systems
[0.333s] INFO:colcon.colcon_core.shell:Skip shell extension 'powershell' for command environment: Not usable outside of PowerShell
[0.333s] DEBUG:colcon.colcon_core.shell:Skip shell extension 'dsv' for command environment
[0.341s] DEBUG:colcon.colcon_core.event_handler.log_command:Invoking command in '/home/aceti/ASV_WORK/asv_ws/src/build/asv_wave_sim_gazebo_plugins': /usr/bin/cmake /home/aceti/ASV_WORK/asv_ws/src/asv_wave_sim/asv_wave_sim_gazebo_plugins -DCMAKE_BUILD_TYPE=RelWithDebInfo -DBUILD_TESTING=ON -DCMAKE_CXX_STANDARD=17 -DCATKIN_INSTALL_INTO_PREFIX_ROOT=0 -DCATKIN_SYMLINK_INSTALL=ON -DCMAKE_INSTALL_PREFIX=/home/aceti/ASV_WORK/asv_ws/src/install
[0.811s] DEBUG:colcon.colcon_core.event_handler.log_command:Invoked command in '/home/aceti/ASV_WORK/asv_ws/src/build/asv_wave_sim_gazebo_plugins' returned '1': /usr/bin/cmake /home/aceti/ASV_WORK/asv_ws/src/asv_wave_sim/asv_wave_sim_gazebo_plugins -DCMAKE_BUILD_TYPE=RelWithDebInfo -DBUILD_TESTING=ON -DCMAKE_CXX_STANDARD=17 -DCATKIN_INSTALL_INTO_PREFIX_ROOT=0 -DCATKIN_SYMLINK_INSTALL=ON -DCMAKE_INSTALL_PREFIX=/home/aceti/ASV_WORK/asv_ws/src/install
[0.822s] Level 1:colcon.colcon_core.environment:create_environment_scripts_only(asv_wave_sim_gazebo_plugins)
[0.824s] Level 1:colcon.colcon_core.environment:checking '/home/aceti/ASV_WORK/asv_ws/src/install' for CMake module files
[0.824s] Level 1:colcon.colcon_core.environment:checking '/home/aceti/ASV_WORK/asv_ws/src/install' for CMake config files
[0.825s] Level 1:colcon.colcon_core.environment:checking '/home/aceti/ASV_WORK/asv_ws/src/install/bin'
[0.825s] Level 1:colcon.colcon_core.environment:checking '/home/aceti/ASV_WORK/asv_ws/src/install/lib/pkgconfig/asv_wave_sim_gazebo_plugins.pc'
[0.825s] Level 1:colcon.colcon_core.environment:checking '/home/aceti/ASV_WORK/asv_ws/src/install/lib/python3.8/site-packages'
[0.825s] Level 1:colcon.colcon_core.environment:checking '/home/aceti/ASV_WORK/asv_ws/src/install/bin'
[0.825s] INFO:colcon.colcon_core.shell:Creating package script '/home/aceti/ASV_WORK/asv_ws/src/install/share/asv_wave_sim_gazebo_plugins/package.ps1'
[0.826s] INFO:colcon.colcon_core.shell:Creating package descriptor '/home/aceti/ASV_WORK/asv_ws/src/install/share/asv_wave_sim_gazebo_plugins/package.dsv'
[0.826s] INFO:colcon.colcon_core.shell:Creating package script '/home/aceti/ASV_WORK/asv_ws/src/install/share/asv_wave_sim_gazebo_plugins/package.sh'
[0.827s] INFO:colcon.colcon_core.shell:Creating package script '/home/aceti/ASV_WORK/asv_ws/src/install/share/asv_wave_sim_gazebo_plugins/package.bash'
[0.827s] INFO:colcon.colcon_core.shell:Creating package script '/home/aceti/ASV_WORK/asv_ws/src/install/share/asv_wave_sim_gazebo_plugins/package.zsh'
[0.827s] Level 1:colcon.colcon_core.environment:create_file_with_runtime_dependencies(/home/aceti/ASV_WORK/asv_ws/src/install/share/colcon-core/packages/asv_wave_sim_gazebo_plugins)
[0.838s] DEBUG:colcon.colcon_parallel_executor.executor.parallel:closing loop
[0.838s] DEBUG:colcon.colcon_parallel_executor.executor.parallel:loop closed
[0.839s] DEBUG:colcon.colcon_parallel_executor.executor.parallel:run_until_complete finished with '1'
[0.839s] DEBUG:colcon.colcon_core.event_reactor:joining thread
[0.847s] INFO:colcon.colcon_core.plugin_system:Skipping extension 'colcon_notification.desktop_notification.terminal_notifier': Not used on non-Darwin systems
[0.848s] INFO:colcon.colcon_core.plugin_system:Skipping extension 'colcon_notification.desktop_notification.win32': Not used on non-Windows systems
[0.848s] INFO:colcon.colcon_notification.desktop_notification:Sending desktop notification using 'notify2'
[0.867s] DEBUG:colcon.colcon_core.event_reactor:joined thread
[0.867s] INFO:colcon.colcon_core.shell:Creating prefix script '/home/aceti/ASV_WORK/asv_ws/src/install/local_setup.ps1'
[0.868s] INFO:colcon.colcon_core.shell:Creating prefix util module '/home/aceti/ASV_WORK/asv_ws/src/install/_local_setup_util_ps1.py'
[0.869s] INFO:colcon.colcon_core.shell:Creating prefix chain script '/home/aceti/ASV_WORK/asv_ws/src/install/setup.ps1'
[0.870s] INFO:colcon.colcon_core.shell:Creating prefix script '/home/aceti/ASV_WORK/asv_ws/src/install/local_setup.sh'
[0.870s] INFO:colcon.colcon_core.shell:Creating prefix util module '/home/aceti/ASV_WORK/asv_ws/src/install/_local_setup_util_sh.py'
[0.870s] INFO:colcon.colcon_core.shell:Creating prefix chain script '/home/aceti/ASV_WORK/asv_ws/src/install/setup.sh'
[0.871s] INFO:colcon.colcon_core.shell:Creating prefix script '/home/aceti/ASV_WORK/asv_ws/src/install/local_setup.bash'
[0.871s] INFO:colcon.colcon_core.shell:Creating prefix chain script '/home/aceti/ASV_WORK/asv_ws/src/install/setup.bash'
[0.872s] INFO:colcon.colcon_core.shell:Creating prefix script '/home/aceti/ASV_WORK/asv_ws/src/install/local_setup.zsh'
[0.872s] INFO:colcon.colcon_core.shell:Creating prefix chain script '/home/aceti/ASV_WORK/asv_ws/src/install/setup.zsh'
