-- The C compiler identification is GNU 9.4.0
-- The CXX compiler identification is GNU 9.4.0
-- Check for working C compiler: /usr/bin/cc
-- Check for working C compiler: /usr/bin/cc -- works
-- Detecting C compiler ABI info
-- Detecting C compiler ABI info - done
-- Detecting C compile features
-- Detecting C compile features - done
-- Check for working CXX compiler: /usr/bin/c++
-- Check for working CXX compiler: /usr/bin/c++ -- works
-- Detecting CXX compiler ABI info
-- Detecting CXX compiler ABI info - done
-- Detecting CXX compile features
-- Detecting CXX compile features - done
-- Using header-only CGAL
-- Targetting Unix Makefiles
-- Using /usr/bin/c++ compiler.
-- Found GMP: /usr/lib/x86_64-linux-gnu/libgmp.so  
-- Found MPFR: /usr/lib/x86_64-linux-gnu/libmpfr.so  
-- Found Boost: /usr/lib/x86_64-linux-gnu/cmake/Boost-1.71.0/BoostConfig.cmake (found suitable version "1.71.0", minimum required is "1.48")  
-- Boost include dirs: /usr/include
-- Boost libraries:    
-- Using gcc version 4 or later. Adding -frounding-math
-- Build type: RelWithDebInfo
-- USING CXXFLAGS = ' -O2 -g -DNDEBUG'
-- USING EXEFLAGS = ' '
-- Requested component: Core
-- Requested component: MPFR
-- Requested component: GMP
-- Configuring incomplete, errors occurred!
See also "/home/aceti/ASV_WORK/asv_ws/src/build/asv_wave_sim_gazebo_plugins/CMakeFiles/CMakeOutput.log".
