[0.009s] Invoking command in '/home/aceti/ASV_WORK/asv_ws/src/build/asv_wave_sim_gazebo_plugins': /usr/bin/cmake /home/aceti/ASV_WORK/asv_ws/src/asv_wave_sim/asv_wave_sim_gazebo_plugins -DCMAKE_BUILD_TYPE=RelWithDebInfo -DBUILD_TESTING=ON -DCMAKE_CXX_STANDARD=17 -DCATKIN_INSTALL_INTO_PREFIX_ROOT=0 -DCATKIN_SYMLINK_INSTALL=ON -DCMAKE_INSTALL_PREFIX=/home/aceti/ASV_WORK/asv_ws/src/install
[0.087s] -- The C compiler identification is GNU 9.4.0
[0.149s] -- The CXX compiler identification is GNU 9.4.0
[0.154s] -- Check for working C compiler: /usr/bin/cc
[0.217s] -- Check for working C compiler: /usr/bin/cc -- works
[0.218s] -- Detecting C compiler ABI info
[0.279s] -- Detecting C compiler ABI info - done
[0.292s] -- Detecting C compile features
[0.292s] -- Detecting C compile features - done
[0.295s] -- Check for working CXX compiler: /usr/bin/c++
[0.355s] -- Check for working CXX compiler: /usr/bin/c++ -- works
[0.356s] -- Detecting CXX compiler ABI info
[0.433s] -- Detecting CXX compiler ABI info - done
[0.443s] -- Detecting CXX compile features
[0.444s] -- Detecting CXX compile features - done
[0.448s] -- Using header-only CGAL
[0.449s] -- Targetting Unix Makefiles
[0.449s] -- Using /usr/bin/c++ compiler.
[0.455s] -- Found GMP: /usr/lib/x86_64-linux-gnu/libgmp.so  
[0.457s] -- Found MPFR: /usr/lib/x86_64-linux-gnu/libmpfr.so  
[0.461s] -- Found Boost: /usr/lib/x86_64-linux-gnu/cmake/Boost-1.71.0/BoostConfig.cmake (found suitable version "1.71.0", minimum required is "1.48")  
[0.462s] -- Boost include dirs: /usr/include
[0.462s] -- Boost libraries:    
[0.463s] -- Using gcc version 4 or later. Adding -frounding-math
[0.466s] -- Build type: RelWithDebInfo
[0.466s] -- USING CXXFLAGS = ' -O2 -g -DNDEBUG'
[0.466s] -- USING EXEFLAGS = ' '
[0.467s] -- Requested component: Core
[0.467s] -- Requested component: MPFR
[0.467s] -- Requested component: GMP
[0.475s] CMake Error at CMakeLists.txt:27 (find_package):
[0.475s]   By not providing "Findcatkin.cmake" in CMAKE_MODULE_PATH this project has
[0.475s]   asked CMake to find a package configuration file provided by "catkin", but
[0.475s]   CMake did not find one.
[0.475s] 
[0.475s]   Could not find a package configuration file provided by "catkin" with any
[0.475s]   of the following names:
[0.475s] 
[0.475s]     catkinConfig.cmake
[0.475s]     catkin-config.cmake
[0.475s] 
[0.475s]   Add the installation prefix of "catkin" to CMAKE_PREFIX_PATH or set
[0.476s]   "catkin_DIR" to a directory containing one of the above files.  If "catkin"
[0.476s]   provides a separate development package or SDK, be sure it has been
[0.476s]   installed.
[0.476s] 
[0.476s] 
[0.476s] -- Configuring incomplete, errors occurred!
[0.476s] See also "/home/aceti/ASV_WORK/asv_ws/src/build/asv_wave_sim_gazebo_plugins/CMakeFiles/CMakeOutput.log".
[0.479s] Invoked command in '/home/aceti/ASV_WORK/asv_ws/src/build/asv_wave_sim_gazebo_plugins' returned '1': /usr/bin/cmake /home/aceti/ASV_WORK/asv_ws/src/asv_wave_sim/asv_wave_sim_gazebo_plugins -DCMAKE_BUILD_TYPE=RelWithDebInfo -DBUILD_TESTING=ON -DCMAKE_CXX_STANDARD=17 -DCATKIN_INSTALL_INTO_PREFIX_ROOT=0 -DCATKIN_SYMLINK_INSTALL=ON -DCMAKE_INSTALL_PREFIX=/home/aceti/ASV_WORK/asv_ws/src/install
