-- The C compiler identification is GNU 11.4.0
-- The CXX compiler identification is GNU 11.4.0
-- Detecting C compiler ABI info
-- Detecting C compiler ABI info - done
-- Check for working C compiler: /usr/lib/ccache/cc - skipped
-- Detecting C compile features
-- Detecting C compile features - done
-- Detecting CXX compiler ABI info
-- Detecting CXX compiler ABI info - done
-- Check for working CXX compiler: /usr/lib/ccache/c++ - skipped
-- Detecting CXX compile features
-- Detecting CXX compile features - done
-- gz-waves1 version 1.0.0
-- Operating system is Linux
-- Found CPack generators: DEB
-- Found Boost: /usr/lib/x86_64-linux-gnu/cmake/Boost-1.74.0/BoostConfig.cmake (found version "1.74.0") found components: iostreams system filesystem 
-- Looking for gz-math7 -- found version 7.4.0
-- Searching for dependencies of gz-math7
-- Looking for gz-utils2 -- found version 2.2.0
-- Searching for dependencies of gz-utils2
-- Searching for <gz-math7> component [eigen3]
-- Looking for gz-math7-eigen3 -- found version 7.4.0
-- Searching for dependencies of gz-math7-eigen3
-- Looking for gz-math7 - found

-- Looking for gz-common5 -- found version 5.6.0
-- Searching for dependencies of gz-common5
-- Looking for gz-utils2 -- found version 2.2.0
-- Looking for dlfcn.h - found
-- Looking for libdl - found
-- Found DL: TRUE  
-- Checking for module 'uuid'
--   Found uuid, version 2.37.2
-- Found UUID: TRUE  
-- Searching for <gz-common5> component [graphics]
-- Looking for gz-common5-graphics -- found version 5.6.0
-- Searching for dependencies of gz-common5-graphics
-- Looking for gz-math7 -- found version 7.4.0
-- Found GzAssimp: TRUE (found version "5.2.0") 
-- Searching for <gz-common5> component [events]
-- Looking for gz-common5-events -- found version 5.6.0
-- Searching for dependencies of gz-common5-events
-- Looking for gz-math7 -- found version 7.4.0
-- Looking for gz-common5 - found

-- Looking for gz-plugin2 -- found version 2.0.3
-- Searching for dependencies of gz-plugin2
-- Looking for gz-utils2 -- found version 2.2.0
-- Searching for dependencies of gz-utils2
-- Searching for <gz-utils2> component [cli]
-- Looking for gz-utils2-cli -- found version 2.2.0
-- Searching for dependencies of gz-utils2-cli
-- Searching for <gz-plugin2> component [loader]
-- Looking for gz-plugin2-loader -- found version 2.0.3
-- Searching for dependencies of gz-plugin2-loader
-- Searching for <gz-plugin2> component [register]
-- Looking for gz-plugin2-register -- found version 2.0.3
-- Searching for dependencies of gz-plugin2-register
-- Looking for gz-plugin2 - found

-- Looking for gz-msgs9 -- found version 9.5.0
-- Searching for dependencies of gz-msgs9
-- Found Protobuf: /usr/lib/x86_64-linux-gnu/libprotobuf.so (found version "3.12.4") 
-- Looking for gz-math7 -- found version 7.4.0
-- Checking for module 'tinyxml2'
--   Found tinyxml2, version 9.0.0
-- Looking for gz-msgs9 - found

-- Looking for gz-transport12 -- found version 12.2.1
-- Searching for dependencies of gz-transport12
-- Config-file not installed for ZeroMQ -- checking for pkg-config
-- Checking for module 'libzmq >= 4'
--   Found libzmq , version 4.3.4
-- Found ZeroMQ: TRUE (Required is at least version "4") 
-- Looking for gz-utils2 -- found version 2.2.0
-- Looking for gz-msgs9 -- found version 9.5.0
-- Looking for gz-transport12 - found

-- Looking for gz-rendering7 -- found version 7.4.2
-- Searching for dependencies of gz-rendering7
-- Looking for gz-math7 -- found version 7.4.0
-- Looking for gz-common5 -- found version 5.6.0
-- Searching for dependencies of gz-common5
-- Looking for gz-utils2 -- found version 2.2.0
-- Looking for dlfcn.h - found
-- Looking for libdl - found
-- Searching for <gz-common5> component [graphics]
-- Searching for <gz-common5> component [events]
-- Searching for <gz-common5> component [geospatial]
-- Looking for gz-common5-geospatial -- found version 5.6.0
-- Searching for dependencies of gz-common5-geospatial
-- Looking for gz-math7 -- found version 7.4.0
-- Looking for gz-common5 -- found version 5.6.0
-- Looking for gz-plugin2 -- found version 2.0.3
-- Searching for dependencies of gz-plugin2
-- Looking for gz-utils2 -- found version 2.2.0
-- Searching for <gz-plugin2> component [all]
-- Looking for all libraries of gz-plugin2 -- found version 2.0.3
-- Looking for gz-plugin2 -- found version 2.0.3
-- Looking for gz-utils2 -- found version 2.2.0
-- Found OpenGL: /usr/lib/x86_64-linux-gnu/libOpenGL.so  found components: OpenGL 
-- Looking for gz-rendering7 - found

-- Looking for gz-sim7 -- found version 7.7.0
-- Searching for dependencies of gz-sim7
-- Looking for sdformat13 -- found version 13.6.0
-- Searching for dependencies of sdformat13
-- Looking for gz-math7 -- found version 7.4.0
-- Looking for gz-utils2 -- found version 2.2.0
-- Looking for gz-plugin2 -- found version 2.0.3
-- Looking for gz-transport12 -- found version 12.2.1
-- Searching for dependencies of gz-transport12
-- Config-file not installed for ZeroMQ -- checking for pkg-config
-- Checking for module 'libzmq >= 4'
--   Found libzmq , version 4.3.4
-- Looking for gz-utils2 -- found version 2.2.0
-- Looking for gz-msgs9 -- found version 9.5.0
-- Searching for <gz-transport12> component [log]
-- Looking for gz-transport12-log -- found version 12.2.1
-- Searching for dependencies of gz-transport12-log
-- Searching for <gz-transport12> component [parameters]
-- Looking for gz-transport12-parameters -- found version 12.2.1
-- Searching for dependencies of gz-transport12-parameters
-- Looking for gz-msgs9 -- found version 9.5.0
-- Looking for gz-common5 -- found version 5.6.0
-- Searching for dependencies of gz-common5
-- Looking for gz-utils2 -- found version 2.2.0
-- Looking for dlfcn.h - found
-- Looking for libdl - found
-- Searching for <gz-common5> component [profiler]
-- Looking for gz-common5-profiler -- found version 5.6.0
-- Searching for dependencies of gz-common5-profiler
-- Searching for <gz-common5> component [events]
-- Searching for <gz-common5> component [av]
-- Looking for gz-common5-av -- found version 5.6.0
-- Searching for dependencies of gz-common5-av
-- Checking for module 'libswscale'
--   Found libswscale, version 5.9.100
-- Found SWSCALE: TRUE  
-- Checking for module 'libavdevice >= 56.4.100'
--   Found libavdevice , version 58.13.100
-- Found AVDEVICE: TRUE (Required is at least version "56.4.100") 
-- Checking for module 'libavformat'
--   Found libavformat, version 58.76.100
-- Found AVFORMAT: TRUE  
-- Checking for module 'libavcodec'
--   Found libavcodec, version 58.134.100
-- Found AVCODEC: TRUE  
-- Checking for module 'libavutil'
--   Found libavutil, version 56.70.100
-- Found AVUTIL: TRUE  
-- Searching for <gz-common5> component [io]
-- Looking for gz-common5-io -- found version 5.6.0
-- Searching for dependencies of gz-common5-io
-- Looking for gz-fuel_tools8 -- found version 8.1.0
-- Searching for dependencies of gz-fuel_tools8
-- Found CURL: /usr/lib/x86_64-linux-gnu/libcurl.so (found version "7.81.0")  
-- Checking for module 'jsoncpp'
--   Found jsoncpp, version 1.9.5
-- Found JSONCPP: TRUE  
-- Checking for module 'libzip'
--   Found libzip, version 1.7.3
-- Found ZIP: TRUE  
-- Looking for gz-utils2 -- found version 2.2.0
-- Looking for gz-common5 -- found version 5.6.0
-- Searching for dependencies of gz-common5
-- Looking for gz-utils2 -- found version 2.2.0
-- Looking for dlfcn.h - found
-- Looking for libdl - found
-- Searching for <gz-common5> component [testing]
-- Looking for gz-common5-testing -- found version 5.6.0
-- Searching for dependencies of gz-common5-testing
-- Looking for gz-math7 -- found version 7.4.0
-- Looking for gz-msgs9 -- found version 9.5.0
-- Looking for gz-gui7 -- found version 7.2.1
-- Searching for dependencies of gz-gui7
-- Looking for gz-utils2 -- found version 2.2.0
-- Looking for gz-math7 -- found version 7.4.0
-- Looking for gz-common5 -- found version 5.6.0
-- Looking for gz-plugin2 -- found version 2.0.3
-- Looking for gz-transport12 -- found version 12.2.1
-- Looking for gz-rendering7 -- found version 7.4.2
-- Looking for gz-msgs9 -- found version 9.5.0
-- Looking for gz-physics6 -- found version 6.5.1
-- Searching for dependencies of gz-physics6
-- Looking for gz-math7 -- found version 7.4.0
-- Looking for gz-plugin2 -- found version 2.0.3
-- Looking for gz-utils2 -- found version 2.2.0
-- Searching for <gz-physics6> component [heightmap]
-- Looking for gz-physics6-heightmap -- found version 6.5.1
-- Searching for dependencies of gz-physics6-heightmap
-- Looking for gz-common5 -- found version 5.6.0
-- Searching for <gz-physics6> component [mesh]
-- Looking for gz-physics6-mesh -- found version 6.5.1
-- Searching for dependencies of gz-physics6-mesh
-- Looking for gz-common5 -- found version 5.6.0
-- Searching for <gz-physics6> component [sdf]
-- Looking for gz-physics6-sdf -- found version 6.5.1
-- Searching for dependencies of gz-physics6-sdf
-- Looking for sdformat13 -- found version 13.6.0
-- Looking for gz-sensors7 -- found version 7.3.0
-- Searching for dependencies of gz-sensors7
-- Looking for gz-math7 -- found version 7.4.0
-- Looking for gz-common5 -- found version 5.6.0
-- Looking for gz-transport12 -- found version 12.2.1
-- Looking for gz-rendering7 -- found version 7.4.2
-- Looking for gz-msgs9 -- found version 9.5.0
-- Looking for sdformat13 -- found version 13.6.0
-- Searching for <gz-sensors7> component [air_pressure]
-- Looking for gz-sensors7-air_pressure -- found version 7.3.0
-- Searching for dependencies of gz-sensors7-air_pressure
-- Searching for <gz-sensors7> component [air_speed]
-- Looking for gz-sensors7-air_speed -- found version 7.3.0
-- Searching for dependencies of gz-sensors7-air_speed
-- Searching for <gz-sensors7> component [altimeter]
-- Looking for gz-sensors7-altimeter -- found version 7.3.0
-- Searching for dependencies of gz-sensors7-altimeter
-- Searching for <gz-sensors7> component [imu]
-- Looking for gz-sensors7-imu -- found version 7.3.0
-- Searching for dependencies of gz-sensors7-imu
-- Searching for <gz-sensors7> component [force_torque]
-- Looking for gz-sensors7-force_torque -- found version 7.3.0
-- Searching for dependencies of gz-sensors7-force_torque
-- Searching for <gz-sensors7> component [logical_camera]
-- Looking for gz-sensors7-logical_camera -- found version 7.3.0
-- Searching for dependencies of gz-sensors7-logical_camera
-- Searching for <gz-sensors7> component [magnetometer]
-- Looking for gz-sensors7-magnetometer -- found version 7.3.0
-- Searching for dependencies of gz-sensors7-magnetometer
-- Searching for <gz-sensors7> component [navsat]
-- Looking for gz-sensors7-navsat -- found version 7.3.0
-- Searching for dependencies of gz-sensors7-navsat
-- Searching for <gz-sensors7> component [rendering]
-- Looking for gz-sensors7-rendering -- found version 7.3.0
-- Searching for dependencies of gz-sensors7-rendering
-- Searching for <gz-sensors7> component [lidar]
-- Looking for gz-sensors7-lidar -- found version 7.3.0
-- Searching for dependencies of gz-sensors7-lidar
-- Looking for gz-sensors7 -- found version 7.3.0
-- Searching for <gz-sensors7> component [gpu_lidar]
-- Looking for gz-sensors7-gpu_lidar -- found version 7.3.0
-- Searching for dependencies of gz-sensors7-gpu_lidar
-- Looking for gz-sensors7 -- found version 7.3.0
-- Searching for <gz-sensors7> component [camera]
-- Looking for gz-sensors7-camera -- found version 7.3.0
-- Searching for dependencies of gz-sensors7-camera
-- Looking for gz-sensors7 -- found version 7.3.0
-- Searching for <gz-sensors7> component [boundingbox_camera]
-- Looking for gz-sensors7-boundingbox_camera -- found version 7.3.0
-- Searching for dependencies of gz-sensors7-boundingbox_camera
-- Searching for <gz-sensors7> component [segmentation_camera]
-- Looking for gz-sensors7-segmentation_camera -- found version 7.3.0
-- Searching for dependencies of gz-sensors7-segmentation_camera
-- Searching for <gz-sensors7> component [depth_camera]
-- Looking for gz-sensors7-depth_camera -- found version 7.3.0
-- Searching for dependencies of gz-sensors7-depth_camera
-- Looking for gz-sensors7 -- found version 7.3.0
-- Searching for <gz-sensors7> component [rgbd_camera]
-- Looking for gz-sensors7-rgbd_camera -- found version 7.3.0
-- Searching for dependencies of gz-sensors7-rgbd_camera
-- Looking for gz-sensors7 -- found version 7.3.0
-- Searching for <gz-sensors7> component [thermal_camera]
-- Looking for gz-sensors7-thermal_camera -- found version 7.3.0
-- Searching for dependencies of gz-sensors7-thermal_camera
-- Looking for gz-sensors7 -- found version 7.3.0
-- Searching for <gz-sensors7> component [wide_angle_camera]
-- Looking for gz-sensors7-wide_angle_camera -- found version 7.3.0
-- Searching for dependencies of gz-sensors7-wide_angle_camera
-- Looking for gz-rendering7 -- found version 7.4.2
-- Looking for gz-math7 -- found version 7.4.0
-- Looking for gz-utils2 -- found version 2.2.0
-- Looking for gz-sim7 - found

-- Looking for sdformat13 -- found version 13.6.0
-- Looking for sdformat13 - found

-- Compiling against Gazebo Garden
-- Checking for module 'OGRE-RTShaderSystem >= 1.9'
--   Found OGRE-RTShaderSystem , version 1.9.0
-- Checking for module 'OGRE-Terrain >= 1.9'
--   Found OGRE-Terrain , version 1.9.0
-- Checking for module 'OGRE-Overlay >= 1.9'
--   Found OGRE-Overlay , version 1.9.0
-- Checking for module 'OGRE-Paging >= 1.9'
--   Found OGRE-Paging , version 1.9.0
-- Looking for GzOGRE - found

-- Looking for OGRE using the name: OGRE2
--   + component HlmsPbs: found
--   + component HlmsUnlit: found
--   + component Overlay: found
--   + component PlanarReflections: found
-- Looking for GzOGRE2 - found

-- Using header-only CGAL
-- Targetting Unix Makefiles
-- Using /usr/lib/ccache/c++ compiler.
-- Found GMP: /usr/lib/x86_64-linux-gnu/libgmp.so  
-- Found MPFR: /usr/lib/x86_64-linux-gnu/libmpfr.so  
-- Found Boost: /usr/lib/x86_64-linux-gnu/cmake/Boost-1.74.0/BoostConfig.cmake (found suitable version "1.74.0", minimum required is "1.48")  
-- Boost include dirs: /usr/include
-- Boost libraries:    
-- Using gcc version 4 or later. Adding -frounding-math
-- Build type: 
-- USING CXXFLAGS = ' '
-- USING EXEFLAGS = ' '
-- Requested component: Core
-- 
-- Searching for host SSE information
-- SSE2 found
-- SSE3 found
-- SSE4.1 found
-- SSE4.2 found
-- Configuring library: gz-waves1-dynamic-geometry-system
-- Performing Test COMPILER_HAS_HIDDEN_VISIBILITY
-- Performing Test COMPILER_HAS_HIDDEN_VISIBILITY - Success
-- Performing Test COMPILER_HAS_HIDDEN_INLINE_VISIBILITY
-- Performing Test COMPILER_HAS_HIDDEN_INLINE_VISIBILITY - Success
-- Performing Test COMPILER_HAS_DEPRECATED_ATTR
-- Performing Test COMPILER_HAS_DEPRECATED_ATTR - Success
-- Configuring library: gz-waves1-hydrodynamics-system
-- Configuring library: gz-waves1-rendering
-- Configuring library: gz-waves1-rendering-ogre2
-- Configuring library: gz-waves1-waves-visual-system
-- Configuring library: gz-waves1-waves-model-system
-- Configuring library: gz-waves1
-- Testing is disabled -- skipping UNIT tests
-- Adding codecheck target
-- Build configuration successful
-- Build type: RelWithDebInfo
-- Install prefix: /home/aceti/ASV_WORK/b/asv_wave_sim/install/gz-waves1
-- Configuring done
-- Generating done
-- Build files have been written to: /home/aceti/ASV_WORK/b/asv_wave_sim/build/gz-waves1
[  4%] [32mBuilding CXX object src/CMakeFiles/gz-waves1.dir/Algorithm.cc.o[0m
[  4%] [32mBuilding CXX object src/CMakeFiles/gz-waves1.dir/Convert.cc.o[0m
[  6%] [32mBuilding CXX object src/CMakeFiles/gz-waves1.dir/Geometry.cc.o[0m
[  8%] [32mBuilding CXX object src/CMakeFiles/gz-waves1.dir/Grid.cc.o[0m
[ 10%] [32mBuilding CXX object src/CMakeFiles/gz-waves1.dir/MeshTools.cc.o[0m
[ 12%] [32mBuilding CXX object src/CMakeFiles/gz-waves1.dir/OceanTile.cc.o[0m
[ 14%] [32mBuilding CXX object src/CMakeFiles/gz-waves1.dir/PhysicalConstants.cc.o[0m
[ 16%] [32mBuilding CXX object src/CMakeFiles/gz-waves1.dir/Physics.cc.o[0m
[ 18%] [32mBuilding CXX object src/CMakeFiles/gz-waves1.dir/SubMeshWithTangents.cc.o[0m
[ 20%] [32mBuilding CXX object src/CMakeFiles/gz-waves1.dir/TriangulatedGrid.cc.o[0m
[ 22%] [32mBuilding CXX object src/CMakeFiles/gz-waves1.dir/Utilities.cc.o[0m
[ 25%] [32mBuilding CXX object src/CMakeFiles/gz-waves1.dir/Wavefield.cc.o[0m
[ 27%] [32mBuilding CXX object src/CMakeFiles/gz-waves1.dir/WavefieldSampler.cc.o[0m
[ 29%] [32mBuilding CXX object src/CMakeFiles/gz-waves1.dir/WaveParameters.cc.o[0m
[ 31%] [32mBuilding CXX object src/CMakeFiles/gz-waves1.dir/WaveSimulation.cc.o[0m
[ 33%] [32mBuilding CXX object src/CMakeFiles/gz-waves1.dir/LinearRandomFFTWaveSimulation.cc.o[0m
[ 35%] [32mBuilding CXX object src/CMakeFiles/gz-waves1.dir/LinearRandomFFTWaveSimulationRef.cc.o[0m
[ 37%] [32mBuilding CXX object src/CMakeFiles/gz-waves1.dir/LinearRandomWaveSimulation.cc.o[0m
[ 39%] [32mBuilding CXX object src/CMakeFiles/gz-waves1.dir/LinearRegularWaveSimulation.cc.o[0m
[ 41%] [32mBuilding CXX object src/CMakeFiles/gz-waves1.dir/TrochoidIrregularWaveSimulation.cc.o[0m
[ 43%] [32mBuilding CXX object src/CMakeFiles/gz-waves1.dir/WaveSpectrum.cc.o[0m
[ 45%] [32mBuilding CXX object src/CMakeFiles/gz-waves1.dir/WaveSpreadingFunction.cc.o[0m
[ 47%] [32m[1mLinking CXX shared library ../lib/libgz-waves1.so[0m
[ 47%] Built target gz-waves1
[ 60%] [32mBuilding CXX object src/systems/waves/CMakeFiles/gz-waves1-rendering.dir/OceanVisual.cc.o[0m
[ 60%] [32mBuilding CXX object src/systems/hydrodynamics/CMakeFiles/gz-waves1-hydrodynamics-system.dir/Hydrodynamics.cc.o[0m
[ 62%] [32mBuilding CXX object src/systems/waves/CMakeFiles/gz-waves1-waves-model-system.dir/WavesModel.cc.o[0m
[ 62%] [32mBuilding CXX object src/systems/waves/CMakeFiles/gz-waves1-rendering.dir/DisplacementMap.cc.o[0m
[ 62%] [32mBuilding CXX object src/systems/dynamic/CMakeFiles/gz-waves1-dynamic-geometry-system.dir/DynamicGeometry.cc.o[0m
[ 60%] [32mBuilding CXX object src/systems/waves/CMakeFiles/gz-waves1-rendering.dir/OceanGeometry.cc.o[0m
[ 60%] [32mBuilding CXX object src/systems/hydrodynamics/CMakeFiles/gz-waves1-hydrodynamics-system.dir/Collision.cc.o[0m
[ 64%] [32mBuilding CXX object src/systems/waves/CMakeFiles/gz-waves1-rendering.dir/BaseRenderEngineExtension.cc.o[0m
[ 66%] [32mBuilding CXX object src/systems/waves/CMakeFiles/gz-waves1-rendering.dir/RenderEngineExtension.cc.o[0m
[ 68%] [32mBuilding CXX object src/systems/waves/CMakeFiles/gz-waves1-rendering.dir/RenderEngineExtensionManager.cc.o[0m
[ 70%] [32mBuilding CXX object src/systems/waves/CMakeFiles/gz-waves1-rendering.dir/RenderEngineExtensionPlugin.cc.o[0m
[ 72%] [32mBuilding CXX object src/systems/waves/CMakeFiles/gz-waves1-rendering.dir/SceneNodeFactory.cc.o[0m
[ 75%] [32m[1mLinking CXX shared library ../../../lib/libgz-waves1-waves-model-system.so[0m
[ 75%] Built target gz-waves1-waves-model-system
[ 77%] [32m[1mLinking CXX shared library ../../../lib/libgz-waves1-rendering.so[0m
[ 77%] Built target gz-waves1-rendering
[ 81%] [32mBuilding CXX object src/systems/waves/CMakeFiles/gz-waves1-rendering-ogre2.dir/Ogre2DynamicMesh.cc.o[0m
[ 81%] [32mBuilding CXX object src/systems/waves/CMakeFiles/gz-waves1-rendering-ogre2.dir/Ogre2DisplacementMap.cc.o[0m
[ 83%] [32mBuilding CXX object src/systems/waves/CMakeFiles/gz-waves1-waves-visual-system.dir/WavesVisual.cc.o[0m
[ 85%] [32mBuilding CXX object src/systems/waves/CMakeFiles/gz-waves1-rendering-ogre2.dir/Ogre2RenderEngineExtension.cc.o[0m
[ 87%] [32mBuilding CXX object src/systems/waves/CMakeFiles/gz-waves1-rendering-ogre2.dir/Ogre2OceanGeometry.cc.o[0m
[ 89%] [32mBuilding CXX object src/systems/waves/CMakeFiles/gz-waves1-rendering-ogre2.dir/Ogre2OceanVisual.cc.o[0m
[ 91%] [32m[1mLinking CXX shared library ../../../lib/libgz-waves1-dynamic-geometry-system.so[0m
[ 91%] Built target gz-waves1-dynamic-geometry-system
[ 93%] [32mBuilding CXX object src/systems/waves/CMakeFiles/gz-waves1-rendering-ogre2.dir/Ogre2SceneNodeFactory.cc.o[0m
[ 95%] [32m[1mLinking CXX shared library ../../../lib/libgz-waves1-hydrodynamics-system.so[0m
[ 95%] Built target gz-waves1-hydrodynamics-system
[ 97%] [32m[1mLinking CXX shared library ../../../lib/libgz-waves1-waves-visual-system.so[0m
[ 97%] Built target gz-waves1-waves-visual-system
[100%] [32m[1mLinking CXX shared library ../../../lib/libgz-waves1-rendering-ogre2.so[0m
[100%] Built target gz-waves1-rendering-ogre2
-- Install configuration: "RelWithDebInfo"
-- Installing: /home/aceti/ASV_WORK/b/asv_wave_sim/install/gz-waves1/lib/cmake/gz-waves1-all/gz-waves1-all-config.cmake
-- Installing: /home/aceti/ASV_WORK/b/asv_wave_sim/install/gz-waves1/lib/cmake/gz-waves1-all/gz-waves1-all-config-version.cmake
-- Installing: /home/aceti/ASV_WORK/b/asv_wave_sim/install/gz-waves1/lib/cmake/gz-waves1-all/gz-waves1-all-targets.cmake
-- Installing: /home/aceti/ASV_WORK/b/asv_wave_sim/install/gz-waves1/include/gz/waves1/gz/waves/detail/Export.hh
-- Installing: /home/aceti/ASV_WORK/b/asv_wave_sim/install/gz-waves1/include/gz/waves1/gz/waves/Export.hh
-- Installing: /home/aceti/ASV_WORK/b/asv_wave_sim/install/gz-waves1/lib/libgz-waves1.so.1.0.0
-- Installing: /home/aceti/ASV_WORK/b/asv_wave_sim/install/gz-waves1/lib/libgz-waves1.so.1
-- Installing: /home/aceti/ASV_WORK/b/asv_wave_sim/install/gz-waves1/lib/libgz-waves1.so
-- Installing: /home/aceti/ASV_WORK/b/asv_wave_sim/install/gz-waves1/lib/cmake/gz-waves1/gz-waves1-config.cmake
-- Installing: /home/aceti/ASV_WORK/b/asv_wave_sim/install/gz-waves1/lib/cmake/gz-waves1/gz-waves1-config-version.cmake
-- Installing: /home/aceti/ASV_WORK/b/asv_wave_sim/install/gz-waves1/lib/cmake/gz-waves1/gz-waves1-targets.cmake
-- Installing: /home/aceti/ASV_WORK/b/asv_wave_sim/install/gz-waves1/lib/cmake/gz-waves1/gz-waves1-targets-relwithdebinfo.cmake
-- Installing: /home/aceti/ASV_WORK/b/asv_wave_sim/install/gz-waves1/lib/pkgconfig/gz-waves1.pc
-- Installing: /home/aceti/ASV_WORK/b/asv_wave_sim/install/gz-waves1/include/gz/waves1/gz/waves/dynamic-geometry-system/detail/Export.hh
-- Installing: /home/aceti/ASV_WORK/b/asv_wave_sim/install/gz-waves1/include/gz/waves1/gz/waves/dynamic-geometry-system/Export.hh
-- Installing: /home/aceti/ASV_WORK/b/asv_wave_sim/install/gz-waves1/lib/libgz-waves1-dynamic-geometry-system.so.1.0.0
-- Installing: /home/aceti/ASV_WORK/b/asv_wave_sim/install/gz-waves1/lib/libgz-waves1-dynamic-geometry-system.so.1
-- Set runtime path of "/home/aceti/ASV_WORK/b/asv_wave_sim/install/gz-waves1/lib/libgz-waves1-dynamic-geometry-system.so.1.0.0" to ""
-- Installing: /home/aceti/ASV_WORK/b/asv_wave_sim/install/gz-waves1/lib/libgz-waves1-dynamic-geometry-system.so
-- Installing: /home/aceti/ASV_WORK/b/asv_wave_sim/install/gz-waves1/lib/cmake/gz-waves1-dynamic-geometry-system/gz-waves1-dynamic-geometry-system-config.cmake
-- Installing: /home/aceti/ASV_WORK/b/asv_wave_sim/install/gz-waves1/lib/cmake/gz-waves1-dynamic-geometry-system/gz-waves1-dynamic-geometry-system-config-version.cmake
-- Installing: /home/aceti/ASV_WORK/b/asv_wave_sim/install/gz-waves1/lib/cmake/gz-waves1-dynamic-geometry-system/gz-waves1-dynamic-geometry-system-targets.cmake
-- Installing: /home/aceti/ASV_WORK/b/asv_wave_sim/install/gz-waves1/lib/cmake/gz-waves1-dynamic-geometry-system/gz-waves1-dynamic-geometry-system-targets-relwithdebinfo.cmake
-- Installing: /home/aceti/ASV_WORK/b/asv_wave_sim/install/gz-waves1/lib/pkgconfig/gz-waves1-dynamic-geometry-system.pc
-- Installing: /home/aceti/ASV_WORK/b/asv_wave_sim/install/gz-waves1/include/gz/waves1/gz/waves/hydrodynamics-system/detail/Export.hh
-- Installing: /home/aceti/ASV_WORK/b/asv_wave_sim/install/gz-waves1/include/gz/waves1/gz/waves/hydrodynamics-system/Export.hh
-- Installing: /home/aceti/ASV_WORK/b/asv_wave_sim/install/gz-waves1/lib/libgz-waves1-hydrodynamics-system.so.1.0.0
-- Installing: /home/aceti/ASV_WORK/b/asv_wave_sim/install/gz-waves1/lib/libgz-waves1-hydrodynamics-system.so.1
-- Set runtime path of "/home/aceti/ASV_WORK/b/asv_wave_sim/install/gz-waves1/lib/libgz-waves1-hydrodynamics-system.so.1.0.0" to ""
-- Installing: /home/aceti/ASV_WORK/b/asv_wave_sim/install/gz-waves1/lib/libgz-waves1-hydrodynamics-system.so
-- Installing: /home/aceti/ASV_WORK/b/asv_wave_sim/install/gz-waves1/lib/cmake/gz-waves1-hydrodynamics-system/gz-waves1-hydrodynamics-system-config.cmake
-- Installing: /home/aceti/ASV_WORK/b/asv_wave_sim/install/gz-waves1/lib/cmake/gz-waves1-hydrodynamics-system/gz-waves1-hydrodynamics-system-config-version.cmake
-- Installing: /home/aceti/ASV_WORK/b/asv_wave_sim/install/gz-waves1/lib/cmake/gz-waves1-hydrodynamics-system/gz-waves1-hydrodynamics-system-targets.cmake
-- Installing: /home/aceti/ASV_WORK/b/asv_wave_sim/install/gz-waves1/lib/cmake/gz-waves1-hydrodynamics-system/gz-waves1-hydrodynamics-system-targets-relwithdebinfo.cmake
-- Installing: /home/aceti/ASV_WORK/b/asv_wave_sim/install/gz-waves1/lib/pkgconfig/gz-waves1-hydrodynamics-system.pc
-- Installing: /home/aceti/ASV_WORK/b/asv_wave_sim/install/gz-waves1/include/gz/waves1/gz/waves/rendering/detail/Export.hh
-- Installing: /home/aceti/ASV_WORK/b/asv_wave_sim/install/gz-waves1/include/gz/waves1/gz/waves/rendering/Export.hh
-- Installing: /home/aceti/ASV_WORK/b/asv_wave_sim/install/gz-waves1/lib/libgz-waves1-rendering.so.1.0.0
-- Installing: /home/aceti/ASV_WORK/b/asv_wave_sim/install/gz-waves1/lib/libgz-waves1-rendering.so.1
-- Set runtime path of "/home/aceti/ASV_WORK/b/asv_wave_sim/install/gz-waves1/lib/libgz-waves1-rendering.so.1.0.0" to ""
-- Installing: /home/aceti/ASV_WORK/b/asv_wave_sim/install/gz-waves1/lib/libgz-waves1-rendering.so
-- Installing: /home/aceti/ASV_WORK/b/asv_wave_sim/install/gz-waves1/lib/cmake/gz-waves1-rendering/gz-waves1-rendering-config.cmake
-- Installing: /home/aceti/ASV_WORK/b/asv_wave_sim/install/gz-waves1/lib/cmake/gz-waves1-rendering/gz-waves1-rendering-config-version.cmake
-- Installing: /home/aceti/ASV_WORK/b/asv_wave_sim/install/gz-waves1/lib/cmake/gz-waves1-rendering/gz-waves1-rendering-targets.cmake
-- Installing: /home/aceti/ASV_WORK/b/asv_wave_sim/install/gz-waves1/lib/cmake/gz-waves1-rendering/gz-waves1-rendering-targets-relwithdebinfo.cmake
-- Installing: /home/aceti/ASV_WORK/b/asv_wave_sim/install/gz-waves1/lib/pkgconfig/gz-waves1-rendering.pc
-- Installing: /home/aceti/ASV_WORK/b/asv_wave_sim/install/gz-waves1/include/gz/waves1/gz/waves/rendering-ogre2/detail/Export.hh
-- Installing: /home/aceti/ASV_WORK/b/asv_wave_sim/install/gz-waves1/include/gz/waves1/gz/waves/rendering-ogre2/Export.hh
-- Installing: /home/aceti/ASV_WORK/b/asv_wave_sim/install/gz-waves1/lib/libgz-waves1-rendering-ogre2.so.1.0.0
-- Installing: /home/aceti/ASV_WORK/b/asv_wave_sim/install/gz-waves1/lib/libgz-waves1-rendering-ogre2.so.1
-- Set runtime path of "/home/aceti/ASV_WORK/b/asv_wave_sim/install/gz-waves1/lib/libgz-waves1-rendering-ogre2.so.1.0.0" to ""
-- Installing: /home/aceti/ASV_WORK/b/asv_wave_sim/install/gz-waves1/lib/libgz-waves1-rendering-ogre2.so
-- Installing: /home/aceti/ASV_WORK/b/asv_wave_sim/install/gz-waves1/lib/cmake/gz-waves1-rendering-ogre2/gz-waves1-rendering-ogre2-config.cmake
-- Installing: /home/aceti/ASV_WORK/b/asv_wave_sim/install/gz-waves1/lib/cmake/gz-waves1-rendering-ogre2/gz-waves1-rendering-ogre2-config-version.cmake
-- Installing: /home/aceti/ASV_WORK/b/asv_wave_sim/install/gz-waves1/lib/cmake/gz-waves1-rendering-ogre2/gz-waves1-rendering-ogre2-targets.cmake
-- Installing: /home/aceti/ASV_WORK/b/asv_wave_sim/install/gz-waves1/lib/cmake/gz-waves1-rendering-ogre2/gz-waves1-rendering-ogre2-targets-relwithdebinfo.cmake
-- Installing: /home/aceti/ASV_WORK/b/asv_wave_sim/install/gz-waves1/lib/pkgconfig/gz-waves1-rendering-ogre2.pc
-- Installing: /home/aceti/ASV_WORK/b/asv_wave_sim/install/gz-waves1/include/gz/waves1/gz/waves/waves-visual-system/detail/Export.hh
-- Installing: /home/aceti/ASV_WORK/b/asv_wave_sim/install/gz-waves1/include/gz/waves1/gz/waves/waves-visual-system/Export.hh
-- Installing: /home/aceti/ASV_WORK/b/asv_wave_sim/install/gz-waves1/lib/libgz-waves1-waves-visual-system.so.1.0.0
-- Installing: /home/aceti/ASV_WORK/b/asv_wave_sim/install/gz-waves1/lib/libgz-waves1-waves-visual-system.so.1
-- Set runtime path of "/home/aceti/ASV_WORK/b/asv_wave_sim/install/gz-waves1/lib/libgz-waves1-waves-visual-system.so.1.0.0" to ""
-- Installing: /home/aceti/ASV_WORK/b/asv_wave_sim/install/gz-waves1/lib/libgz-waves1-waves-visual-system.so
-- Installing: /home/aceti/ASV_WORK/b/asv_wave_sim/install/gz-waves1/lib/cmake/gz-waves1-waves-visual-system/gz-waves1-waves-visual-system-config.cmake
-- Installing: /home/aceti/ASV_WORK/b/asv_wave_sim/install/gz-waves1/lib/cmake/gz-waves1-waves-visual-system/gz-waves1-waves-visual-system-config-version.cmake
-- Installing: /home/aceti/ASV_WORK/b/asv_wave_sim/install/gz-waves1/lib/cmake/gz-waves1-waves-visual-system/gz-waves1-waves-visual-system-targets.cmake
-- Installing: /home/aceti/ASV_WORK/b/asv_wave_sim/install/gz-waves1/lib/cmake/gz-waves1-waves-visual-system/gz-waves1-waves-visual-system-targets-relwithdebinfo.cmake
-- Installing: /home/aceti/ASV_WORK/b/asv_wave_sim/install/gz-waves1/lib/pkgconfig/gz-waves1-waves-visual-system.pc
-- Installing: /home/aceti/ASV_WORK/b/asv_wave_sim/install/gz-waves1/include/gz/waves1/gz/waves/waves-model-system/detail/Export.hh
-- Installing: /home/aceti/ASV_WORK/b/asv_wave_sim/install/gz-waves1/include/gz/waves1/gz/waves/waves-model-system/Export.hh
-- Installing: /home/aceti/ASV_WORK/b/asv_wave_sim/install/gz-waves1/lib/libgz-waves1-waves-model-system.so.1.0.0
-- Installing: /home/aceti/ASV_WORK/b/asv_wave_sim/install/gz-waves1/lib/libgz-waves1-waves-model-system.so.1
-- Set runtime path of "/home/aceti/ASV_WORK/b/asv_wave_sim/install/gz-waves1/lib/libgz-waves1-waves-model-system.so.1.0.0" to ""
-- Installing: /home/aceti/ASV_WORK/b/asv_wave_sim/install/gz-waves1/lib/libgz-waves1-waves-model-system.so
-- Installing: /home/aceti/ASV_WORK/b/asv_wave_sim/install/gz-waves1/lib/cmake/gz-waves1-waves-model-system/gz-waves1-waves-model-system-config.cmake
-- Installing: /home/aceti/ASV_WORK/b/asv_wave_sim/install/gz-waves1/lib/cmake/gz-waves1-waves-model-system/gz-waves1-waves-model-system-config-version.cmake
-- Installing: /home/aceti/ASV_WORK/b/asv_wave_sim/install/gz-waves1/lib/cmake/gz-waves1-waves-model-system/gz-waves1-waves-model-system-targets.cmake
-- Installing: /home/aceti/ASV_WORK/b/asv_wave_sim/install/gz-waves1/lib/cmake/gz-waves1-waves-model-system/gz-waves1-waves-model-system-targets-relwithdebinfo.cmake
-- Installing: /home/aceti/ASV_WORK/b/asv_wave_sim/install/gz-waves1/lib/pkgconfig/gz-waves1-waves-model-system.pc
-- Installing: /home/aceti/ASV_WORK/b/asv_wave_sim/install/gz-waves1/include/gz/waves1/gz/waves/components/Wavefield.hh
-- Installing: /home/aceti/ASV_WORK/b/asv_wave_sim/install/gz-waves1/include/gz/waves1/gz/waves/Algorithm.hh
-- Installing: /home/aceti/ASV_WORK/b/asv_wave_sim/install/gz-waves1/include/gz/waves1/gz/waves/CGALTypes.hh
-- Installing: /home/aceti/ASV_WORK/b/asv_wave_sim/install/gz-waves1/include/gz/waves1/gz/waves/Convert.hh
-- Installing: /home/aceti/ASV_WORK/b/asv_wave_sim/install/gz-waves1/include/gz/waves1/gz/waves/Geometry.hh
-- Installing: /home/aceti/ASV_WORK/b/asv_wave_sim/install/gz-waves1/include/gz/waves1/gz/waves/Grid.hh
-- Installing: /home/aceti/ASV_WORK/b/asv_wave_sim/install/gz-waves1/include/gz/waves1/gz/waves/LinearRandomFFTWaveSimulation.hh
-- Installing: /home/aceti/ASV_WORK/b/asv_wave_sim/install/gz-waves1/include/gz/waves1/gz/waves/LinearRandomWaveSimulation.hh
-- Installing: /home/aceti/ASV_WORK/b/asv_wave_sim/install/gz-waves1/include/gz/waves1/gz/waves/LinearRegularWaveSimulation.hh
-- Installing: /home/aceti/ASV_WORK/b/asv_wave_sim/install/gz-waves1/include/gz/waves1/gz/waves/MeshTools.hh
-- Installing: /home/aceti/ASV_WORK/b/asv_wave_sim/install/gz-waves1/include/gz/waves1/gz/waves/OceanTile.hh
-- Installing: /home/aceti/ASV_WORK/b/asv_wave_sim/install/gz-waves1/include/gz/waves1/gz/waves/PhysicalConstants.hh
-- Installing: /home/aceti/ASV_WORK/b/asv_wave_sim/install/gz-waves1/include/gz/waves1/gz/waves/Physics.hh
-- Installing: /home/aceti/ASV_WORK/b/asv_wave_sim/install/gz-waves1/include/gz/waves1/gz/waves/TriangulatedGrid.hh
-- Installing: /home/aceti/ASV_WORK/b/asv_wave_sim/install/gz-waves1/include/gz/waves1/gz/waves/TrochoidIrregularWaveSimulation.hh
-- Installing: /home/aceti/ASV_WORK/b/asv_wave_sim/install/gz-waves1/include/gz/waves1/gz/waves/Types.hh
-- Installing: /home/aceti/ASV_WORK/b/asv_wave_sim/install/gz-waves1/include/gz/waves1/gz/waves/Utilities.hh
-- Installing: /home/aceti/ASV_WORK/b/asv_wave_sim/install/gz-waves1/include/gz/waves1/gz/waves/WaveParameters.hh
-- Installing: /home/aceti/ASV_WORK/b/asv_wave_sim/install/gz-waves1/include/gz/waves1/gz/waves/WaveSimulation.hh
-- Installing: /home/aceti/ASV_WORK/b/asv_wave_sim/install/gz-waves1/include/gz/waves1/gz/waves/WaveSpectrum.hh
-- Installing: /home/aceti/ASV_WORK/b/asv_wave_sim/install/gz-waves1/include/gz/waves1/gz/waves/WaveSpreadingFunction.hh
-- Installing: /home/aceti/ASV_WORK/b/asv_wave_sim/install/gz-waves1/include/gz/waves1/gz/waves/Wavefield.hh
-- Installing: /home/aceti/ASV_WORK/b/asv_wave_sim/install/gz-waves1/include/gz/waves1/gz/waves/WavefieldSampler.hh
-- Installing: /home/aceti/ASV_WORK/b/asv_wave_sim/install/gz-waves1/include/gz/waves1/gz/waves/../waves.hh
-- Installing: /home/aceti/ASV_WORK/b/asv_wave_sim/install/gz-waves1/include/gz/waves1/gz/waves/config.hh
-- Installing: /home/aceti/ASV_WORK/b/asv_wave_sim/install/gz-waves1/include/gz/waves1/gz/waves/components.hh
