[0.157s] DEBUG:colcon:Command line arguments: ['/usr/bin/colcon', 'build']
[0.157s] DEBUG:colcon:Parsed command line arguments: Namespace(log_base=None, log_level=None, verb_name='build', build_base='build', install_base='install', merge_install=False, symlink_install=False, test_result_base=None, continue_on_error=False, executor='parallel', parallel_workers=8, event_handlers=None, ignore_user_meta=False, metas=['./colcon.meta'], base_paths=['.'], packages_ignore=None, packages_ignore_regex=None, paths=None, packages_up_to=None, packages_up_to_regex=None, packages_above=None, packages_above_and_dependencies=None, packages_above_depth=None, packages_select_by_dep=None, packages_skip_by_dep=None, packages_skip_up_to=None, packages_select_build_failed=False, packages_skip_build_finished=False, packages_select_test_failures=False, packages_skip_test_passed=False, packages_select=None, packages_skip=None, packages_select_regex=None, packages_skip_regex=None, packages_start=None, packages_end=None, allow_overriding=[], cmake_args=None, cmake_target=None, cmake_target_skip_unavailable=False, cmake_clean_cache=False, cmake_clean_first=False, cmake_force_configure=False, ament_cmake_args=None, catkin_cmake_args=None, catkin_skip_building_tests=False, mixin_files=None, mixin=None, verb_parser=<colcon_mixin.mixin.mixin_argument.MixinArgumentDecorator object at 0x7a5133a6efb0>, verb_extension=<colcon_core.verb.build.BuildVerb object at 0x7a5133a6f130>, main=<bound method BuildVerb.main of <colcon_core.verb.build.BuildVerb object at 0x7a5133a6f130>>, mixin_verb=('build',))
[0.258s] Level 1:colcon.colcon_core.package_discovery:discover_packages(colcon_meta) check parameters
[0.258s] Level 1:colcon.colcon_core.package_discovery:discover_packages(recursive) check parameters
[0.258s] Level 1:colcon.colcon_core.package_discovery:discover_packages(ignore) check parameters
[0.258s] Level 1:colcon.colcon_core.package_discovery:discover_packages(path) check parameters
[0.258s] Level 1:colcon.colcon_core.package_discovery:discover_packages(colcon_meta) discover
[0.258s] Level 1:colcon.colcon_core.package_discovery:discover_packages(recursive) discover
[0.258s] INFO:colcon.colcon_core.package_discovery:Crawling recursively for packages in '/home/aceti/ASV_WORK/b/asv_wave_sim'
[0.258s] Level 1:colcon.colcon_core.package_identification:_identify(.) by extensions ['ignore', 'ignore_ament_install']
[0.259s] Level 1:colcon.colcon_core.package_identification:_identify(.) by extension 'ignore'
[0.259s] Level 1:colcon.colcon_core.package_identification:_identify(.) by extension 'ignore_ament_install'
[0.259s] Level 1:colcon.colcon_core.package_identification:_identify(.) by extensions ['colcon_pkg']
[0.259s] Level 1:colcon.colcon_core.package_identification:_identify(.) by extension 'colcon_pkg'
[0.259s] Level 1:colcon.colcon_core.package_identification:_identify(.) by extensions ['colcon_meta']
[0.259s] Level 1:colcon.colcon_core.package_identification:_identify(.) by extension 'colcon_meta'
[0.259s] Level 1:colcon.colcon_core.package_identification:_identify(.) by extensions ['ros']
[0.259s] Level 1:colcon.colcon_core.package_identification:_identify(.) by extension 'ros'
[0.278s] Level 1:colcon.colcon_core.package_identification:_identify(.) by extensions ['cmake', 'python']
[0.278s] Level 1:colcon.colcon_core.package_identification:_identify(.) by extension 'cmake'
[0.278s] Level 1:colcon.colcon_core.package_identification:_identify(.) by extension 'python'
[0.278s] Level 1:colcon.colcon_core.package_identification:_identify(.) by extensions ['python_setup_py']
[0.278s] Level 1:colcon.colcon_core.package_identification:_identify(.) by extension 'python_setup_py'
[0.279s] Level 1:colcon.colcon_core.package_identification:_identify(build) by extensions ['ignore', 'ignore_ament_install']
[0.279s] Level 1:colcon.colcon_core.package_identification:_identify(build) by extension 'ignore'
[0.279s] Level 1:colcon.colcon_core.package_identification:_identify(build) ignored
[0.279s] Level 1:colcon.colcon_core.package_identification:_identify(doc) by extensions ['ignore', 'ignore_ament_install']
[0.279s] Level 1:colcon.colcon_core.package_identification:_identify(doc) by extension 'ignore'
[0.279s] Level 1:colcon.colcon_core.package_identification:_identify(doc) by extension 'ignore_ament_install'
[0.279s] Level 1:colcon.colcon_core.package_identification:_identify(doc) by extensions ['colcon_pkg']
[0.279s] Level 1:colcon.colcon_core.package_identification:_identify(doc) by extension 'colcon_pkg'
[0.279s] Level 1:colcon.colcon_core.package_identification:_identify(doc) by extensions ['colcon_meta']
[0.279s] Level 1:colcon.colcon_core.package_identification:_identify(doc) by extension 'colcon_meta'
[0.279s] Level 1:colcon.colcon_core.package_identification:_identify(doc) by extensions ['ros']
[0.279s] Level 1:colcon.colcon_core.package_identification:_identify(doc) by extension 'ros'
[0.279s] Level 1:colcon.colcon_core.package_identification:_identify(doc) by extensions ['cmake', 'python']
[0.279s] Level 1:colcon.colcon_core.package_identification:_identify(doc) by extension 'cmake'
[0.279s] Level 1:colcon.colcon_core.package_identification:_identify(doc) by extension 'python'
[0.279s] Level 1:colcon.colcon_core.package_identification:_identify(doc) by extensions ['python_setup_py']
[0.279s] Level 1:colcon.colcon_core.package_identification:_identify(doc) by extension 'python_setup_py'
[0.280s] Level 1:colcon.colcon_core.package_identification:_identify(doc/uml) by extensions ['ignore', 'ignore_ament_install']
[0.280s] Level 1:colcon.colcon_core.package_identification:_identify(doc/uml) by extension 'ignore'
[0.280s] Level 1:colcon.colcon_core.package_identification:_identify(doc/uml) by extension 'ignore_ament_install'
[0.280s] Level 1:colcon.colcon_core.package_identification:_identify(doc/uml) by extensions ['colcon_pkg']
[0.280s] Level 1:colcon.colcon_core.package_identification:_identify(doc/uml) by extension 'colcon_pkg'
[0.280s] Level 1:colcon.colcon_core.package_identification:_identify(doc/uml) by extensions ['colcon_meta']
[0.280s] Level 1:colcon.colcon_core.package_identification:_identify(doc/uml) by extension 'colcon_meta'
[0.280s] Level 1:colcon.colcon_core.package_identification:_identify(doc/uml) by extensions ['ros']
[0.280s] Level 1:colcon.colcon_core.package_identification:_identify(doc/uml) by extension 'ros'
[0.280s] Level 1:colcon.colcon_core.package_identification:_identify(doc/uml) by extensions ['cmake', 'python']
[0.280s] Level 1:colcon.colcon_core.package_identification:_identify(doc/uml) by extension 'cmake'
[0.280s] Level 1:colcon.colcon_core.package_identification:_identify(doc/uml) by extension 'python'
[0.280s] Level 1:colcon.colcon_core.package_identification:_identify(doc/uml) by extensions ['python_setup_py']
[0.280s] Level 1:colcon.colcon_core.package_identification:_identify(doc/uml) by extension 'python_setup_py'
[0.280s] Level 1:colcon.colcon_core.package_identification:_identify(gz-waves) by extensions ['ignore', 'ignore_ament_install']
[0.280s] Level 1:colcon.colcon_core.package_identification:_identify(gz-waves) by extension 'ignore'
[0.280s] Level 1:colcon.colcon_core.package_identification:_identify(gz-waves) by extension 'ignore_ament_install'
[0.281s] Level 1:colcon.colcon_core.package_identification:_identify(gz-waves) by extensions ['colcon_pkg']
[0.281s] Level 1:colcon.colcon_core.package_identification:_identify(gz-waves) by extension 'colcon_pkg'
[0.281s] Level 1:colcon.colcon_core.package_identification:_identify(gz-waves) by extensions ['colcon_meta']
[0.281s] Level 1:colcon.colcon_core.package_identification:_identify(gz-waves) by extension 'colcon_meta'
[0.281s] Level 1:colcon.colcon_core.package_identification:_identify(gz-waves) by extensions ['ros']
[0.281s] Level 1:colcon.colcon_core.package_identification:_identify(gz-waves) by extension 'ros'
[0.281s] Level 1:colcon.colcon_core.package_identification:_identify(gz-waves) by extensions ['cmake', 'python']
[0.281s] Level 1:colcon.colcon_core.package_identification:_identify(gz-waves) by extension 'cmake'
[0.294s] Level 1:colcon.colcon_core.package_identification:_identify(gz-waves) by extension 'python'
[0.294s] DEBUG:colcon.colcon_core.package_identification:Package 'gz-waves' with type 'cmake' and name 'gz-waves1'
[0.294s] Level 1:colcon.colcon_core.package_identification:_identify(gz-waves-models) by extensions ['ignore', 'ignore_ament_install']
[0.294s] Level 1:colcon.colcon_core.package_identification:_identify(gz-waves-models) by extension 'ignore'
[0.294s] Level 1:colcon.colcon_core.package_identification:_identify(gz-waves-models) ignored
[0.294s] Level 1:colcon.colcon_core.package_identification:_identify(install) by extensions ['ignore', 'ignore_ament_install']
[0.294s] Level 1:colcon.colcon_core.package_identification:_identify(install) by extension 'ignore'
[0.294s] Level 1:colcon.colcon_core.package_identification:_identify(install) ignored
[0.294s] Level 1:colcon.colcon_core.package_identification:_identify(log) by extensions ['ignore', 'ignore_ament_install']
[0.294s] Level 1:colcon.colcon_core.package_identification:_identify(log) by extension 'ignore'
[0.294s] Level 1:colcon.colcon_core.package_identification:_identify(log) ignored
[0.294s] Level 1:colcon.colcon_core.package_discovery:discover_packages(recursive) using defaults
[0.295s] Level 1:colcon.colcon_core.package_discovery:discover_packages(ignore) discover
[0.295s] Level 1:colcon.colcon_core.package_discovery:discover_packages(ignore) using defaults
[0.295s] Level 1:colcon.colcon_core.package_discovery:discover_packages(path) discover
[0.295s] Level 1:colcon.colcon_core.package_discovery:discover_packages(path) using defaults
[0.319s] Level 1:colcon.colcon_core.package_discovery:discover_packages(prefix_path) check parameters
[0.319s] Level 1:colcon.colcon_core.package_discovery:discover_packages(prefix_path) discover
[0.324s] DEBUG:colcon.colcon_installed_package_information.package_discovery:Found 270 installed packages in /opt/ros/humble
[0.325s] Level 1:colcon.colcon_core.package_discovery:discover_packages(prefix_path) using defaults
[0.358s] Level 5:colcon.colcon_core.verb:set package 'gz-waves1' build argument 'cmake_args' from command line to 'None'
[0.358s] Level 5:colcon.colcon_core.verb:set package 'gz-waves1' build argument 'cmake_target' from command line to 'None'
[0.358s] Level 5:colcon.colcon_core.verb:set package 'gz-waves1' build argument 'cmake_target_skip_unavailable' from command line to 'False'
[0.358s] Level 5:colcon.colcon_core.verb:set package 'gz-waves1' build argument 'cmake_clean_cache' from command line to 'False'
[0.358s] Level 5:colcon.colcon_core.verb:set package 'gz-waves1' build argument 'cmake_clean_first' from command line to 'False'
[0.358s] Level 5:colcon.colcon_core.verb:set package 'gz-waves1' build argument 'cmake_force_configure' from command line to 'False'
[0.358s] Level 5:colcon.colcon_core.verb:set package 'gz-waves1' build argument 'ament_cmake_args' from command line to 'None'
[0.358s] Level 5:colcon.colcon_core.verb:set package 'gz-waves1' build argument 'catkin_cmake_args' from command line to 'None'
[0.358s] Level 5:colcon.colcon_core.verb:set package 'gz-waves1' build argument 'catkin_skip_building_tests' from command line to 'False'
[0.358s] DEBUG:colcon.colcon_core.verb:Building package 'gz-waves1' with the following arguments: {'ament_cmake_args': None, 'build_base': '/home/aceti/ASV_WORK/b/asv_wave_sim/build/gz-waves1', 'catkin_cmake_args': None, 'catkin_skip_building_tests': False, 'cmake_args': None, 'cmake_clean_cache': False, 'cmake_clean_first': False, 'cmake_force_configure': False, 'cmake_target': None, 'cmake_target_skip_unavailable': False, 'install_base': '/home/aceti/ASV_WORK/b/asv_wave_sim/install/gz-waves1', 'merge_install': False, 'path': '/home/aceti/ASV_WORK/b/asv_wave_sim/gz-waves', 'symlink_install': False, 'test_result_base': None}
[0.358s] INFO:colcon.colcon_core.executor:Executing jobs using 'parallel' executor
[0.359s] DEBUG:colcon.colcon_parallel_executor.executor.parallel:run_until_complete
[0.359s] INFO:colcon.colcon_cmake.task.cmake.build:Building CMake package in '/home/aceti/ASV_WORK/b/asv_wave_sim/gz-waves'
[0.365s] INFO:colcon.colcon_core.plugin_system:Skipping extension 'colcon_core.shell.bat': Not used on non-Windows systems
[0.365s] INFO:colcon.colcon_core.shell:Skip shell extension 'powershell' for command environment: Not usable outside of PowerShell
[0.365s] DEBUG:colcon.colcon_core.shell:Skip shell extension 'dsv' for command environment
[0.372s] DEBUG:colcon.colcon_core.event_handler.log_command:Invoking command in '/home/aceti/ASV_WORK/b/asv_wave_sim/build/gz-waves1': /usr/bin/cmake /home/aceti/ASV_WORK/b/asv_wave_sim/gz-waves -DCMAKE_INSTALL_PREFIX=/home/aceti/ASV_WORK/b/asv_wave_sim/install/gz-waves1
[9.329s] DEBUG:colcon.colcon_core.event_handler.log_command:Invoked command in '/home/aceti/ASV_WORK/b/asv_wave_sim/build/gz-waves1' returned '0': /usr/bin/cmake /home/aceti/ASV_WORK/b/asv_wave_sim/gz-waves -DCMAKE_INSTALL_PREFIX=/home/aceti/ASV_WORK/b/asv_wave_sim/install/gz-waves1
[9.331s] DEBUG:colcon.colcon_core.event_handler.log_command:Invoking command in '/home/aceti/ASV_WORK/b/asv_wave_sim/build/gz-waves1': /usr/bin/cmake --build /home/aceti/ASV_WORK/b/asv_wave_sim/build/gz-waves1 -- -j8 -l8
[128.592s] DEBUG:colcon.colcon_core.event_handler.log_command:Invoked command in '/home/aceti/ASV_WORK/b/asv_wave_sim/build/gz-waves1' returned '0': /usr/bin/cmake --build /home/aceti/ASV_WORK/b/asv_wave_sim/build/gz-waves1 -- -j8 -l8
[128.660s] DEBUG:colcon.colcon_core.event_handler.log_command:Invoking command in '/home/aceti/ASV_WORK/b/asv_wave_sim/build/gz-waves1': /usr/bin/cmake --install /home/aceti/ASV_WORK/b/asv_wave_sim/build/gz-waves1
[128.768s] Level 1:colcon.colcon_core.environment:create_environment_scripts_only(gz-waves1)
[128.768s] DEBUG:colcon.colcon_core.event_handler.log_command:Invoked command in '/home/aceti/ASV_WORK/b/asv_wave_sim/build/gz-waves1' returned '0': /usr/bin/cmake --install /home/aceti/ASV_WORK/b/asv_wave_sim/build/gz-waves1
[128.785s] Level 1:colcon.colcon_core.environment:checking '/home/aceti/ASV_WORK/b/asv_wave_sim/install/gz-waves1' for CMake module files
[128.786s] Level 1:colcon.colcon_core.environment:checking '/home/aceti/ASV_WORK/b/asv_wave_sim/install/gz-waves1' for CMake config files
[128.786s] Level 1:colcon.colcon_core.shell:create_environment_hook('gz-waves1', 'cmake_prefix_path')
[128.786s] INFO:colcon.colcon_core.shell:Creating environment hook '/home/aceti/ASV_WORK/b/asv_wave_sim/install/gz-waves1/share/gz-waves1/hook/cmake_prefix_path.ps1'
[128.787s] INFO:colcon.colcon_core.shell:Creating environment descriptor '/home/aceti/ASV_WORK/b/asv_wave_sim/install/gz-waves1/share/gz-waves1/hook/cmake_prefix_path.dsv'
[128.788s] INFO:colcon.colcon_core.shell:Creating environment hook '/home/aceti/ASV_WORK/b/asv_wave_sim/install/gz-waves1/share/gz-waves1/hook/cmake_prefix_path.sh'
[128.789s] Level 1:colcon.colcon_core.environment:checking '/home/aceti/ASV_WORK/b/asv_wave_sim/install/gz-waves1/lib'
[128.790s] Level 1:colcon.colcon_core.shell:create_environment_hook('gz-waves1', 'ld_library_path_lib')
[128.790s] INFO:colcon.colcon_core.shell:Creating environment hook '/home/aceti/ASV_WORK/b/asv_wave_sim/install/gz-waves1/share/gz-waves1/hook/ld_library_path_lib.ps1'
[128.790s] INFO:colcon.colcon_core.shell:Creating environment descriptor '/home/aceti/ASV_WORK/b/asv_wave_sim/install/gz-waves1/share/gz-waves1/hook/ld_library_path_lib.dsv'
[128.791s] INFO:colcon.colcon_core.shell:Creating environment hook '/home/aceti/ASV_WORK/b/asv_wave_sim/install/gz-waves1/share/gz-waves1/hook/ld_library_path_lib.sh'
[128.791s] Level 1:colcon.colcon_core.environment:checking '/home/aceti/ASV_WORK/b/asv_wave_sim/install/gz-waves1/bin'
[128.791s] Level 1:colcon.colcon_core.environment:checking '/home/aceti/ASV_WORK/b/asv_wave_sim/install/gz-waves1/lib/pkgconfig/gz-waves1.pc'
[128.791s] Level 1:colcon.colcon_core.shell:create_environment_hook('gz-waves1', 'pkg_config')
[128.792s] INFO:colcon.colcon_core.shell:Creating environment hook '/home/aceti/ASV_WORK/b/asv_wave_sim/install/gz-waves1/share/gz-waves1/hook/pkg_config.ps1'
[128.792s] INFO:colcon.colcon_core.shell:Creating environment descriptor '/home/aceti/ASV_WORK/b/asv_wave_sim/install/gz-waves1/share/gz-waves1/hook/pkg_config.dsv'
[128.793s] INFO:colcon.colcon_core.shell:Creating environment hook '/home/aceti/ASV_WORK/b/asv_wave_sim/install/gz-waves1/share/gz-waves1/hook/pkg_config.sh'
[128.794s] Level 1:colcon.colcon_core.environment:checking '/home/aceti/ASV_WORK/b/asv_wave_sim/install/gz-waves1/lib/python3.10/site-packages'
[128.794s] Level 1:colcon.colcon_core.environment:checking '/home/aceti/ASV_WORK/b/asv_wave_sim/install/gz-waves1/bin'
[128.795s] INFO:colcon.colcon_core.shell:Creating package script '/home/aceti/ASV_WORK/b/asv_wave_sim/install/gz-waves1/share/gz-waves1/package.ps1'
[128.796s] INFO:colcon.colcon_core.shell:Creating package descriptor '/home/aceti/ASV_WORK/b/asv_wave_sim/install/gz-waves1/share/gz-waves1/package.dsv'
[128.798s] INFO:colcon.colcon_core.shell:Creating package script '/home/aceti/ASV_WORK/b/asv_wave_sim/install/gz-waves1/share/gz-waves1/package.sh'
[128.799s] INFO:colcon.colcon_core.shell:Creating package script '/home/aceti/ASV_WORK/b/asv_wave_sim/install/gz-waves1/share/gz-waves1/package.bash'
[128.801s] INFO:colcon.colcon_core.shell:Creating package script '/home/aceti/ASV_WORK/b/asv_wave_sim/install/gz-waves1/share/gz-waves1/package.zsh'
[128.802s] Level 1:colcon.colcon_core.environment:create_file_with_runtime_dependencies(/home/aceti/ASV_WORK/b/asv_wave_sim/install/gz-waves1/share/colcon-core/packages/gz-waves1)
[128.803s] DEBUG:colcon.colcon_parallel_executor.executor.parallel:closing loop
[128.803s] DEBUG:colcon.colcon_parallel_executor.executor.parallel:loop closed
[128.804s] DEBUG:colcon.colcon_parallel_executor.executor.parallel:run_until_complete finished with '0'
[128.804s] DEBUG:colcon.colcon_core.event_reactor:joining thread
[128.820s] INFO:colcon.colcon_core.plugin_system:Skipping extension 'colcon_notification.desktop_notification.terminal_notifier': Not used on non-Darwin systems
[128.820s] INFO:colcon.colcon_core.plugin_system:Skipping extension 'colcon_notification.desktop_notification.win32': Not used on non-Windows systems
[128.820s] INFO:colcon.colcon_notification.desktop_notification:Sending desktop notification using 'notify2'
[128.860s] DEBUG:colcon.colcon_core.event_reactor:joined thread
[128.861s] INFO:colcon.colcon_core.shell:Creating prefix script '/home/aceti/ASV_WORK/b/asv_wave_sim/install/local_setup.ps1'
[128.863s] INFO:colcon.colcon_core.shell:Creating prefix util module '/home/aceti/ASV_WORK/b/asv_wave_sim/install/_local_setup_util_ps1.py'
[128.866s] INFO:colcon.colcon_core.shell:Creating prefix chain script '/home/aceti/ASV_WORK/b/asv_wave_sim/install/setup.ps1'
[128.868s] INFO:colcon.colcon_core.shell:Creating prefix script '/home/aceti/ASV_WORK/b/asv_wave_sim/install/local_setup.sh'
[128.869s] INFO:colcon.colcon_core.shell:Creating prefix util module '/home/aceti/ASV_WORK/b/asv_wave_sim/install/_local_setup_util_sh.py'
[128.870s] INFO:colcon.colcon_core.shell:Creating prefix chain script '/home/aceti/ASV_WORK/b/asv_wave_sim/install/setup.sh'
[128.871s] INFO:colcon.colcon_core.shell:Creating prefix script '/home/aceti/ASV_WORK/b/asv_wave_sim/install/local_setup.bash'
[128.872s] INFO:colcon.colcon_core.shell:Creating prefix chain script '/home/aceti/ASV_WORK/b/asv_wave_sim/install/setup.bash'
[128.874s] INFO:colcon.colcon_core.shell:Creating prefix script '/home/aceti/ASV_WORK/b/asv_wave_sim/install/local_setup.zsh'
[128.874s] INFO:colcon.colcon_core.shell:Creating prefix chain script '/home/aceti/ASV_WORK/b/asv_wave_sim/install/setup.zsh'
